  stdafx.cpp
D:\hcmus\oop\Project\SVGDemo\SVGDemo\stdafx.cpp(34,60): warning C4244: 'argument': conversion from 'int' to 'Gdiplus::REAL', possible loss of data
D:\hcmus\oop\Project\SVGDemo\SVGDemo\stdafx.cpp(55,32): warning C4244: 'argument': conversion from 'int' to 'Gdiplus::REAL', possible loss of data
D:\hcmus\oop\Project\SVGDemo\SVGDemo\stdafx.cpp(56,49): warning C4244: 'argument': conversion from 'int' to 'Gdiplus::REAL', possible loss of data
D:\hcmus\oop\Project\SVGDemo\SVGDemo\stdafx.cpp(56,29): warning C4244: 'argument': conversion from 'int' to 'Gdiplus::REAL', possible loss of data
D:\hcmus\oop\Project\SVGDemo\SVGDemo\stdafx.cpp(75,60): warning C4244: 'argument': conversion from 'int' to 'Gdiplus::REAL', possible loss of data
D:\hcmus\oop\Project\SVGDemo\SVGDemo\stdafx.cpp(76,68): warning C4244: 'argument': conversion from 'double' to 'INT', possible loss of data
D:\hcmus\oop\Project\SVGDemo\SVGDemo\stdafx.cpp(76,55): warning C4244: 'argument': conversion from 'double' to 'INT', possible loss of data
D:\hcmus\oop\Project\SVGDemo\SVGDemo\stdafx.cpp(76,38): warning C4244: 'argument': conversion from 'double' to 'INT', possible loss of data
D:\hcmus\oop\Project\SVGDemo\SVGDemo\stdafx.cpp(76,20): warning C4244: 'argument': conversion from 'double' to 'INT', possible loss of data
D:\hcmus\oop\Project\SVGDemo\SVGDemo\stdafx.cpp(93,60): warning C4244: 'argument': conversion from 'int' to 'Gdiplus::REAL', possible loss of data
D:\hcmus\oop\Project\SVGDemo\SVGDemo\stdafx.cpp(100,43): warning C4267: 'argument': conversion from 'size_t' to 'INT', possible loss of data
D:\hcmus\oop\Project\SVGDemo\SVGDemo\stdafx.cpp(102,39): warning C4267: 'argument': conversion from 'size_t' to 'INT', possible loss of data
D:\hcmus\oop\Project\SVGDemo\SVGDemo\stdafx.cpp(117,60): warning C4244: 'argument': conversion from 'int' to 'Gdiplus::REAL', possible loss of data
D:\hcmus\oop\Project\SVGDemo\SVGDemo\stdafx.cpp(118,63): warning C4244: 'argument': conversion from 'float' to 'INT', possible loss of data
D:\hcmus\oop\Project\SVGDemo\SVGDemo\stdafx.cpp(118,50): warning C4244: 'argument': conversion from 'float' to 'INT', possible loss of data
D:\hcmus\oop\Project\SVGDemo\SVGDemo\stdafx.cpp(118,31): warning C4244: 'argument': conversion from 'float' to 'INT', possible loss of data
D:\hcmus\oop\Project\SVGDemo\SVGDemo\stdafx.cpp(118,16): warning C4244: 'argument': conversion from 'float' to 'INT', possible loss of data
D:\hcmus\oop\Project\SVGDemo\SVGDemo\stdafx.cpp(135,60): warning C4244: 'argument': conversion from 'int' to 'Gdiplus::REAL', possible loss of data
D:\hcmus\oop\Project\SVGDemo\SVGDemo\stdafx.cpp(153,60): warning C4244: 'argument': conversion from 'int' to 'Gdiplus::REAL', possible loss of data
D:\hcmus\oop\Project\SVGDemo\SVGDemo\stdafx.cpp(160,43): warning C4267: 'argument': conversion from 'size_t' to 'INT', possible loss of data
D:\hcmus\oop\Project\SVGDemo\SVGDemo\stdafx.cpp(161,41): warning C4267: 'argument': conversion from 'size_t' to 'INT', possible loss of data
D:\hcmus\oop\Project\SVGDemo\SVGDemo\stdafx.cpp(384,33): warning C4244: '=': conversion from 'int' to 'float', possible loss of data
D:\hcmus\oop\Project\SVGDemo\SVGDemo\stdafx.cpp(388,33): warning C4244: '=': conversion from 'int' to 'float', possible loss of data
  SVGDemo.cpp
D:\hcmus\oop\Project\SVGDemo\SVGDemo\SVGDemo.cpp(103,14): warning C4244: 'return': conversion from 'WPARAM' to 'int', possible loss of data
D:\hcmus\oop\Project\SVGDemo\SVGDemo\SVGDemo.cpp(58,24): warning C4101: 'hdc': unreferenced local variable
D:\hcmus\oop\Project\SVGDemo\SVGDemo\SVGDemo.cpp(59,24): warning C4101: 'ps': unreferenced local variable
  SVGDemo.vcxproj -> D:\hcmus\oop\Project\SVGDemo\x64\Debug\SVGDemo.exe
